ncverilog: 15.20-s084: (c) Copyright 1995-2020 Cadence Design Systems, Inc.
TOOL:	ncverilog	15.20-s084: Started on Mar 07, 2022 at 19:48:10 CST
ncverilog
	tb.v
	huffman.v
DEFINE Homework1 /home/M10bob208/Homework1
|
ncverilog: *W,DLCPTH (../cds.lib,2): cds.lib Invalid path '/home/M10bob208/Homework1' (cds.lib command ignored).
DEFINE Homework1 /home/M10bob208/Homework1
|
ncverilog: *W,DLCPTH (../cds.lib,2): cds.lib Invalid path '/home/M10bob208/Homework1' (cds.lib command ignored).
DEFINE Homework1 /home/M10bob208/Homework1
|
ncverilog: *W,DLCPTH (../cds.lib,2): cds.lib Invalid path '/home/M10bob208/Homework1' (cds.lib command ignored).
DEFINE Homework1 /home/M10bob208/Homework1
|
ncverilog: *W,DLCPTH (../cds.lib,2): cds.lib Invalid path '/home/M10bob208/Homework1' (cds.lib command ignored).
DEFINE Homework1 /home/M10bob208/Homework1
|
ncverilog: *W,DLCPTH (../cds.lib,2): cds.lib Invalid path '/home/M10bob208/Homework1' (cds.lib command ignored).
DEFINE Homework1 /home/M10bob208/Homework1
|
ncverilog: *W,DLCPTH (../cds.lib,2): cds.lib Invalid path '/home/M10bob208/Homework1' (cds.lib command ignored).
DEFINE Homework1 /home/M10bob208/Homework1
|
ncsim: *W,DLCPTH (../cds.lib,2): cds.lib Invalid path '/home/M10bob208/Homework1' (cds.lib command ignored).
Loading snapshot worklib.tb:v .................... Done
ncsim> source /usr/cad/cadence/INCISIV/cur/tools/inca/files/ncsimrc
ncsim> run
./pattern1.dat and ./golden1.dat were used for this simulation.
Check CNT : PASS
Check HC : PASS
Check M : PASS
You PASS the contest now.
Simulation complete via $finish(1) at time 1260 NS + 0
./tb.v:175                  $finish;
ncsim> exit
TOOL:	ncverilog	15.20-s084: Exiting on Mar 07, 2022 at 19:48:10 CST  (total: 00:00:00)
